<?xml version="1.0" encoding="UTF-8"?>
<testsuite name="tddtry.even.EvenCheckerTest" tests="1" skipped="0" failures="0" errors="0" timestamp="2017-02-15T22:50:58" hostname="madhu-Inspiron-3542" time="0.002">
  <properties/>
  <testcase name="testIsEven" classname="tddtry.even.EvenCheckerTest" time="0.002"/>
  <system-out><![CDATA[]]></system-out>
  <system-err><![CDATA[]]></system-err>
</testsuite>
